<?xml version="1.0" encoding="UTF-8"?>
<coverage generated="1523085596723" clover="3.2.0">
  <project timestamp="1523085596723" name="All files">
    <metrics statements="20" coveredstatements="20" conditionals="8" coveredconditionals="7" methods="8" coveredmethods="8" elements="36" coveredelements="35" complexity="0" loc="20" ncloc="20" packages="2" files="2" classes="2">
      <package name="buble-sort">
        <metrics statements="14" coveredstatements="14" conditionals="8" coveredconditionals="7" methods="4" coveredmethods="4"/>
        <file name="bubble.js" path="/Volumes/DATA/Projects/jsalgorthms/buble-sort/bubble.js">
          <metrics statements="14" coveredstatements="14" conditionals="8" coveredconditionals="7" methods="4" coveredmethods="4"/>
          <line num="2" count="1" type="stmt"/>
          <line num="3" count="247703" type="stmt"/>
          <line num="4" count="247703" type="stmt"/>
          <line num="5" count="247703" type="stmt"/>
          <line num="8" count="1" type="stmt"/>
          <line num="9" count="500499" type="cond" truecount="2" falsecount="0"/>
          <line num="11" count="499500" type="cond" truecount="2" falsecount="0"/>
          <line num="12" count="247703" type="stmt"/>
          <line num="15" count="251797" type="stmt"/>
          <line num="18" count="1" type="stmt"/>
          <line num="19" count="1000" type="cond" truecount="2" falsecount="0"/>
          <line num="21" count="999" type="stmt"/>
          <line num="24" count="1" type="stmt"/>
          <line num="25" count="1" type="cond" truecount="1" falsecount="1"/>
        </file>
      </package>
      <package name="utils">
        <metrics statements="6" coveredstatements="6" conditionals="0" coveredconditionals="0" methods="4" coveredmethods="4"/>
        <file name="array.js" path="/Volumes/DATA/Projects/jsalgorthms/utils/array.js">
          <metrics statements="6" coveredstatements="6" conditionals="0" coveredconditionals="0" methods="4" coveredmethods="4"/>
          <line num="2" count="1000" type="stmt"/>
          <line num="4" count="1" type="stmt"/>
          <line num="5" count="1" type="stmt"/>
          <line num="6" count="1" type="stmt"/>
          <line num="7" count="1" type="stmt"/>
          <line num="8" count="1" type="stmt"/>
        </file>
      </package>
    </metrics>
  </project>
</coverage>
