{"/Volumes/DATA/Projects/jsalgorthms/buble-sort/bubble.js": {"path":"/Volumes/DATA/Projects/jsalgorthms/buble-sort/bubble.js","statementMap":{"0":{"start":{"line":2,"column":13},"end":{"line":6,"column":1}},"1":{"start":{"line":3,"column":4},"end":{"line":3,"column":24}},"2":{"start":{"line":4,"column":4},"end":{"line":4,"column":44}},"3":{"start":{"line":5,"column":4},"end":{"line":5,"column":16}},"4":{"start":{"line":8,"column":24},"end":{"line":16,"column":1}},"5":{"start":{"line":9,"column":4},"end":{"line":9,"column":36}},"6":{"start":{"line":9,"column":24},"end":{"line":9,"column":36}},"7":{"start":{"line":11,"column":4},"end":{"line":13,"column":5}},"8":{"start":{"line":12,"column":8},"end":{"line":12,"column":76}},"9":{"start":{"line":15,"column":4},"end":{"line":15,"column":50}},"10":{"start":{"line":18,"column":25},"end":{"line":22,"column":1}},"11":{"start":{"line":19,"column":4},"end":{"line":19,"column":35}},"12":{"start":{"line":19,"column":23},"end":{"line":19,"column":35}},"13":{"start":{"line":21,"column":4},"end":{"line":21,"column":76}},"14":{"start":{"line":24,"column":19},"end":{"line":25,"column":61}},"15":{"start":{"line":25,"column":4},"end":{"line":25,"column":61}}},"fnMap":{"0":{"name":"(anonymous_0)","decl":{"start":{"line":2,"column":13},"end":{"line":2,"column":14}},"loc":{"start":{"line":2,"column":29},"end":{"line":6,"column":1}},"line":2},"1":{"name":"(anonymous_1)","decl":{"start":{"line":8,"column":24},"end":{"line":8,"column":25}},"loc":{"start":{"line":8,"column":47},"end":{"line":16,"column":1}},"line":8},"2":{"name":"(anonymous_2)","decl":{"start":{"line":18,"column":25},"end":{"line":18,"column":26}},"loc":{"start":{"line":18,"column":44},"end":{"line":22,"column":1}},"line":18},"3":{"name":"(anonymous_3)","decl":{"start":{"line":24,"column":19},"end":{"line":24,"column":20}},"loc":{"start":{"line":25,"column":4},"end":{"line":25,"column":61}},"line":25}},"branchMap":{"0":{"loc":{"start":{"line":9,"column":4},"end":{"line":9,"column":36}},"type":"if","locations":[{"start":{"line":9,"column":4},"end":{"line":9,"column":36}},{"start":{"line":9,"column":4},"end":{"line":9,"column":36}}],"line":9},"1":{"loc":{"start":{"line":11,"column":4},"end":{"line":13,"column":5}},"type":"if","locations":[{"start":{"line":11,"column":4},"end":{"line":13,"column":5}},{"start":{"line":11,"column":4},"end":{"line":13,"column":5}}],"line":11},"2":{"loc":{"start":{"line":19,"column":4},"end":{"line":19,"column":35}},"type":"if","locations":[{"start":{"line":19,"column":4},"end":{"line":19,"column":35}},{"start":{"line":19,"column":4},"end":{"line":19,"column":35}}],"line":19},"3":{"loc":{"start":{"line":25,"column":27},"end":{"line":25,"column":60}},"type":"cond-expr","locations":[{"start":{"line":25,"column":41},"end":{"line":25,"column":56}},{"start":{"line":25,"column":59},"end":{"line":25,"column":60}}],"line":25}},"s":{"0":1,"1":243538,"2":243538,"3":243538,"4":1,"5":500499,"6":999,"7":499500,"8":243538,"9":255962,"10":1,"11":1000,"12":1,"13":999,"14":1,"15":1},"f":{"0":243538,"1":500499,"2":1000,"3":1},"b":{"0":[999,499500],"1":[243538,255962],"2":[1,999],"3":[1,0]},"_coverageSchema":"332fd63041d2c1bcb487cc26dd0d5f7d97098a6c","hash":"b611f7c16b04ea42d6a42f354a4a87862c53e37d"}
,"/Volumes/DATA/Projects/jsalgorthms/utils/array.js": {"path":"/Volumes/DATA/Projects/jsalgorthms/utils/array.js","statementMap":{"0":{"start":{"line":2,"column":29},"end":{"line":2,"column":133}},"1":{"start":{"line":2,"column":43},"end":{"line":2,"column":133}},"2":{"start":{"line":2,"column":53},"end":{"line":2,"column":133}},"3":{"start":{"line":2,"column":94},"end":{"line":2,"column":132}},"4":{"start":{"line":4,"column":22},"end":{"line":9,"column":1}},"5":{"start":{"line":5,"column":16},"end":{"line":5,"column":33}},"6":{"start":{"line":6,"column":4},"end":{"line":6,"column":9}},"7":{"start":{"line":7,"column":14},"end":{"line":7,"column":31}},"8":{"start":{"line":8,"column":4},"end":{"line":8,"column":23}}},"fnMap":{"0":{"name":"(anonymous_0)","decl":{"start":{"line":2,"column":29},"end":{"line":2,"column":30}},"loc":{"start":{"line":2,"column":43},"end":{"line":2,"column":133}},"line":2},"1":{"name":"(anonymous_1)","decl":{"start":{"line":2,"column":43},"end":{"line":2,"column":44}},"loc":{"start":{"line":2,"column":53},"end":{"line":2,"column":133}},"line":2},"2":{"name":"(anonymous_2)","decl":{"start":{"line":2,"column":84},"end":{"line":2,"column":85}},"loc":{"start":{"line":2,"column":94},"end":{"line":2,"column":132}},"line":2},"3":{"name":"(anonymous_3)","decl":{"start":{"line":4,"column":22},"end":{"line":4,"column":23}},"loc":{"start":{"line":4,"column":37},"end":{"line":9,"column":1}},"line":4}},"branchMap":{},"s":{"0":1,"1":1,"2":1,"3":1000,"4":1,"5":1,"6":1,"7":1,"8":1},"f":{"0":1,"1":1,"2":1000,"3":1},"b":{},"_coverageSchema":"332fd63041d2c1bcb487cc26dd0d5f7d97098a6c","hash":"a0b583518cabdb4f3c363f7c27ed3c5610fddb06"}
}
