TN:
SF:/Volumes/DATA/Projects/jsalgorthms/buble-sort/bubble.js
FN:2,(anonymous_0)
FN:8,(anonymous_1)
FN:18,(anonymous_2)
FN:24,(anonymous_3)
FNF:4
FNH:4
FNDA:247703,(anonymous_0)
FNDA:500499,(anonymous_1)
FNDA:1000,(anonymous_2)
FNDA:1,(anonymous_3)
DA:2,1
DA:3,247703
DA:4,247703
DA:5,247703
DA:8,1
DA:9,500499
DA:11,499500
DA:12,247703
DA:15,251797
DA:18,1
DA:19,1000
DA:21,999
DA:24,1
DA:25,1
LF:14
LH:14
BRDA:9,0,0,999
BRDA:9,0,1,499500
BRDA:11,1,0,247703
BRDA:11,1,1,251797
BRDA:19,2,0,1
BRDA:19,2,1,999
BRDA:25,3,0,1
BRDA:25,3,1,0
BRF:8
BRH:7
end_of_record
TN:
SF:/Volumes/DATA/Projects/jsalgorthms/utils/array.js
FN:2,(anonymous_0)
FN:2,(anonymous_1)
FN:2,(anonymous_2)
FN:4,(anonymous_3)
FNF:4
FNH:4
FNDA:1,(anonymous_0)
FNDA:1,(anonymous_1)
FNDA:1000,(anonymous_2)
FNDA:1,(anonymous_3)
DA:2,1000
DA:4,1
DA:5,1
DA:6,1
DA:7,1
DA:8,1
LF:6
LH:6
BRF:0
BRH:0
end_of_record
